NonChina/demo/app/build/intermediates/manifest_merge_blame_file/debug/manifest-merger-blame-debug-report.txt
1<?xml version="1.0" encoding="utf-8"?>
2<!--
3  ~ Copyright © 2018-2020 TopOn. All rights reserved.
4  ~ https://www.toponad.com
5  ~ Licensed under the TopOn SDK License Agreement
6  ~ https://github.com/toponteam/TopOn-Android-SDK/blob/master/LICENSE
7-->
8<manifest xmlns:android="http://schemas.android.com/apk/res/android"
9    package="com.anythink.sdk.demo"
10    android:versionCode="1"
11    android:versionName="1.0" >
12
13    <uses-sdk
13-->src/main/AndroidManifest.xml:12:5-207
14        android:minSdkVersion="23"
14-->src/main/AndroidManifest.xml:12:5-207
15        android:targetSdkVersion="33" />
15-->src/main/AndroidManifest.xml:12:5-207
16
17    <uses-permission android:name="android.permission.INTERNET" />
17-->src/main/AndroidManifest.xml:14:5-67
17-->src/main/AndroidManifest.xml:14:22-64
18    <uses-permission android:name="android.permission.ACCESS_NETWORK_STATE" />
18-->src/main/AndroidManifest.xml:15:5-79
18-->src/main/AndroidManifest.xml:15:22-76
19    <uses-permission android:name="android.permission.WRITE_EXTERNAL_STORAGE" />
19-->src/main/AndroidManifest.xml:16:5-81
19-->src/main/AndroidManifest.xml:16:22-78
20    <uses-permission android:name="com.google.android.gms.permission.AD_ID" />
20-->[inmobi-ads-kotlin-10.5.7.aar] AndroidManifest.xml:13:5-79
20-->[inmobi-ads-kotlin-10.5.7.aar] AndroidManifest.xml:13:22-76
21
22    <queries>
22-->[inmobi-ads-kotlin-10.5.7.aar] AndroidManifest.xml:15:5-38:15
23        <intent>
23-->[inmobi-ads-kotlin-10.5.7.aar] AndroidManifest.xml:16:9-18:18
24            <action android:name="androidx.browser.customtabs.CustomTabsService" />
24-->[inmobi-ads-kotlin-10.5.7.aar] AndroidManifest.xml:17:13-84
24-->[inmobi-ads-kotlin-10.5.7.aar] AndroidManifest.xml:17:21-81
25        </intent>
26        <intent>
26-->[inmobi-ads-kotlin-10.5.7.aar] AndroidManifest.xml:19:9-25:18
27            <action android:name="android.intent.action.VIEW" />
27-->[inmobi-ads-kotlin-10.5.7.aar] AndroidManifest.xml:20:13-65
27-->[inmobi-ads-kotlin-10.5.7.aar] AndroidManifest.xml:20:21-62
28
29            <category android:name="android.intent.category.BROWSABLE" />
29-->[inmobi-ads-kotlin-10.5.7.aar] AndroidManifest.xml:22:13-74
29-->[inmobi-ads-kotlin-10.5.7.aar] AndroidManifest.xml:22:23-71
30
31            <data android:scheme="https" />
31-->[inmobi-ads-kotlin-10.5.7.aar] AndroidManifest.xml:24:13-44
31-->[inmobi-ads-kotlin-10.5.7.aar] AndroidManifest.xml:24:19-41
32        </intent>
33        <intent>
33-->[inmobi-ads-kotlin-10.5.7.aar] AndroidManifest.xml:26:9-32:18
34            <action android:name="android.intent.action.VIEW" />
34-->[inmobi-ads-kotlin-10.5.7.aar] AndroidManifest.xml:20:13-65
34-->[inmobi-ads-kotlin-10.5.7.aar] AndroidManifest.xml:20:21-62
35
36            <category android:name="android.intent.category.BROWSABLE" />
36-->[inmobi-ads-kotlin-10.5.7.aar] AndroidManifest.xml:22:13-74
36-->[inmobi-ads-kotlin-10.5.7.aar] AndroidManifest.xml:22:23-71
37
38            <data android:scheme="http" />
38-->[inmobi-ads-kotlin-10.5.7.aar] AndroidManifest.xml:24:13-44
38-->[inmobi-ads-kotlin-10.5.7.aar] AndroidManifest.xml:24:19-41
39        </intent>
40        <intent>
40-->[inmobi-ads-kotlin-10.5.7.aar] AndroidManifest.xml:33:9-37:18
41            <action android:name="android.intent.action.VIEW" />
41-->[inmobi-ads-kotlin-10.5.7.aar] AndroidManifest.xml:20:13-65
41-->[inmobi-ads-kotlin-10.5.7.aar] AndroidManifest.xml:20:21-62
42
43            <data android:scheme="market" />
43-->[inmobi-ads-kotlin-10.5.7.aar] AndroidManifest.xml:24:13-44
43-->[inmobi-ads-kotlin-10.5.7.aar] AndroidManifest.xml:24:19-41
44        </intent>
45        <intent>
45-->[applovin-sdk-11.11.3.aar] AndroidManifest.xml:10:9-12:18
46            <action android:name="com.applovin.am.intent.action.APPHUB_SERVICE" />
46-->[applovin-sdk-11.11.3.aar] AndroidManifest.xml:11:13-83
46-->[applovin-sdk-11.11.3.aar] AndroidManifest.xml:11:21-80
47        </intent>
48
49        <package android:name="com.android.chrome" />
49-->[mytarget-sdk-5.19.0.aar] AndroidManifest.xml:14:9-54
49-->[mytarget-sdk-5.19.0.aar] AndroidManifest.xml:14:18-51
50
51        <intent>
51-->[fyber-marketplace-8.2.3.aar] AndroidManifest.xml:15:9-17:18
52            <action android:name="com.digitalturbine.ignite.cl.IgniteRemoteService" />
52-->[fyber-marketplace-8.2.3.aar] AndroidManifest.xml:16:13-87
52-->[fyber-marketplace-8.2.3.aar] AndroidManifest.xml:16:21-84
53        </intent>
54        <intent>
54-->[inapp-sdk-4.10.7.aar] AndroidManifest.xml:17:9-19:18
55            <action android:name="android.intent.action.MAIN" />
55-->src/main/AndroidManifest.xml:41:17-69
55-->src/main/AndroidManifest.xml:41:25-66
56        </intent>
57
58        <package android:name="com.facebook.katana" />
58-->[AudienceNetwork-6.16.0.aar] AndroidManifest.xml:12:9-55
58-->[AudienceNetwork-6.16.0.aar] AndroidManifest.xml:12:18-52
59        <package android:name="com.android.vending" />
59-->[adcolony-sdk-4.8.0.aar] AndroidManifest.xml:16:9-55
59-->[adcolony-sdk-4.8.0.aar] AndroidManifest.xml:16:18-52
60        <package android:name="com.amazon.venezia" />
60-->[adcolony-sdk-4.8.0.aar] AndroidManifest.xml:17:9-54
60-->[adcolony-sdk-4.8.0.aar] AndroidManifest.xml:17:18-51
61        <package android:name="com.sec.android.app.samsungapps" />
61-->[adcolony-sdk-4.8.0.aar] AndroidManifest.xml:18:9-67
61-->[adcolony-sdk-4.8.0.aar] AndroidManifest.xml:18:18-64
62        <package android:name="com.huawei.appmarket" /> <!-- End of browser content -->
62-->[adcolony-sdk-4.8.0.aar] AndroidManifest.xml:19:9-56
62-->[adcolony-sdk-4.8.0.aar] AndroidManifest.xml:19:18-53
63        <!-- For CustomTabsService -->
64        <intent>
64-->[play-services-ads-lite-22.4.0.aar] AndroidManifest.xml:47:9-49:18
65            <action android:name="android.support.customtabs.action.CustomTabsService" />
65-->[play-services-ads-lite-22.4.0.aar] AndroidManifest.xml:48:13-90
65-->[play-services-ads-lite-22.4.0.aar] AndroidManifest.xml:48:21-87
66        </intent>
67    </queries>
68
69    <uses-permission android:name="android.permission.ACCESS_WIFI_STATE" />
69-->[mobileads-5.9.0.aar] AndroidManifest.xml:22:5-76
69-->[mobileads-5.9.0.aar] AndroidManifest.xml:22:22-73
70    <uses-permission android:name="android.permission.READ_PHONE_STATE" />
70-->[chartboost-mediation-sdk-4.3.0.aar] AndroidManifest.xml:15:5-75
70-->[chartboost-mediation-sdk-4.3.0.aar] AndroidManifest.xml:15:22-72
71    <uses-permission android:name="android.permission.BROADCAST_STICKY" />
71-->[ads-splash-13.4.62.302.aar] AndroidManifest.xml:12:5-75
71-->[ads-splash-13.4.62.302.aar] AndroidManifest.xml:12:22-72
72    <uses-permission android:name="com.applovin.array.apphub.permission.BIND_APPHUB_SERVICE" />
72-->[applovin-sdk-11.11.3.aar] AndroidManifest.xml:18:5-96
72-->[applovin-sdk-11.11.3.aar] AndroidManifest.xml:18:22-93
73    <uses-permission android:name="android.permission.QUERY_ALL_PACKAGES" />
73-->[ads-base-13.4.62.302.aar] AndroidManifest.xml:17:5-77
73-->[ads-base-13.4.62.302.aar] AndroidManifest.xml:17:22-74
74    <uses-permission android:name="com.hihonor.permission.MANAGE_FOLD_SCREEN" />
74-->[ads-base-13.4.62.302.aar] AndroidManifest.xml:18:5-81
74-->[ads-base-13.4.62.302.aar] AndroidManifest.xml:18:22-78
75    <uses-permission android:name="com.hihonor.permission.MANAGE_FOLD_SCREEN_PRIVILEGED" />
75-->[ads-base-13.4.62.302.aar] AndroidManifest.xml:19:5-92
75-->[ads-base-13.4.62.302.aar] AndroidManifest.xml:19:22-89
76    <uses-permission android:name="android.permission.REQUEST_INSTALL_PACKAGES" />
76-->[ads-base-13.4.62.302.aar] AndroidManifest.xml:20:5-83
76-->[ads-base-13.4.62.302.aar] AndroidManifest.xml:20:22-80
77    <uses-permission android:name="android.permission.RECEIVE_BOOT_COMPLETED" />
77-->[inapp-sdk-4.10.7.aar] AndroidManifest.xml:12:5-81
77-->[inapp-sdk-4.10.7.aar] AndroidManifest.xml:12:22-78
78    <uses-permission android:name="com.google.android.finsky.permission.BIND_GET_INSTALL_REFERRER_SERVICE" />
78-->[inapp-sdk-4.10.7.aar] AndroidManifest.xml:13:5-110
78-->[inapp-sdk-4.10.7.aar] AndroidManifest.xml:13:22-107
79    <uses-permission android:name="android.permission.ACCESS_ADSERVICES_AD_ID" />
79-->[play-services-ads-lite-22.4.0.aar] AndroidManifest.xml:27:5-82
79-->[play-services-ads-lite-22.4.0.aar] AndroidManifest.xml:27:22-79
80    <uses-permission android:name="android.permission.ACCESS_ADSERVICES_ATTRIBUTION" />
80-->[play-services-ads-lite-22.4.0.aar] AndroidManifest.xml:28:5-88
80-->[play-services-ads-lite-22.4.0.aar] AndroidManifest.xml:28:22-85
81    <uses-permission android:name="android.permission.ACCESS_ADSERVICES_TOPICS" />
81-->[play-services-ads-lite-22.4.0.aar] AndroidManifest.xml:29:5-83
81-->[play-services-ads-lite-22.4.0.aar] AndroidManifest.xml:29:22-80
82    <uses-permission android:name="android.permission.WAKE_LOCK" />
82-->[play-services-measurement-sdk-api-20.1.2.aar] AndroidManifest.xml:25:5-68
82-->[play-services-measurement-sdk-api-20.1.2.aar] AndroidManifest.xml:25:22-65
83
84    <application
84-->src/main/AndroidManifest.xml:18:5-99:19
85        android:name="com.test.ad.demo.DemoApplication"
85-->src/main/AndroidManifest.xml:19:9-56
86        android:allowBackup="false"
86-->src/main/AndroidManifest.xml:20:9-36
87        android:appComponentFactory="androidx.core.app.CoreComponentFactory"
87-->[androidx.core:core:1.6.0] AndroidManifest.xml:24:18-86
88        android:debuggable="true"
89        android:extractNativeLibs="false"
90        android:hardwareAccelerated="true"
90-->[vungle-7.0.0.aar] AndroidManifest.xml:14:18-52
91        android:icon="@mipmap/ic_app"
91-->src/main/AndroidManifest.xml:21:9-38
92        android:label="@string/app_name"
92-->src/main/AndroidManifest.xml:22:9-41
93        android:networkSecurityConfig="@xml/network_security_config"
93-->src/main/AndroidManifest.xml:23:9-69
94        android:supportsRtl="true"
94-->src/main/AndroidManifest.xml:24:9-35
95        android:theme="@android:style/Theme.DeviceDefault.Light.NoActionBar"
95-->src/main/AndroidManifest.xml:25:9-77
96        android:usesCleartextTraffic="true" >
96-->src/main/AndroidManifest.xml:26:9-44
97        <meta-data
97-->src/main/AndroidManifest.xml:27:9-29:70
98            android:name="com.google.android.gms.ads.APPLICATION_ID"
98-->src/main/AndroidManifest.xml:28:13-69
99            android:value="ca-app-pub-9488501426181082~6354662111" />
99-->src/main/AndroidManifest.xml:29:13-67
100
101        <uses-library
101-->src/main/AndroidManifest.xml:31:9-33:40
102            android:name="org.apache.http.legacy"
102-->src/main/AndroidManifest.xml:32:13-50
103            android:required="false" />
103-->src/main/AndroidManifest.xml:33:13-37
104
105        <activity
105-->src/main/AndroidManifest.xml:35:9-45:20
106            android:name="com.test.ad.demo.MainActivity"
106-->src/main/AndroidManifest.xml:36:13-57
107            android:exported="true"
107-->src/main/AndroidManifest.xml:37:13-36
108            android:screenOrientation="portrait"
108-->src/main/AndroidManifest.xml:38:13-49
109            android:theme="@android:style/Theme.Holo.NoActionBar" >
109-->src/main/AndroidManifest.xml:39:13-66
110            <intent-filter>
110-->src/main/AndroidManifest.xml:40:13-44:29
111                <action android:name="android.intent.action.MAIN" />
111-->src/main/AndroidManifest.xml:41:17-69
111-->src/main/AndroidManifest.xml:41:25-66
112
113                <category android:name="android.intent.category.LAUNCHER" />
113-->src/main/AndroidManifest.xml:43:17-77
113-->src/main/AndroidManifest.xml:43:27-74
114            </intent-filter>
115        </activity>
116        <activity
116-->src/main/AndroidManifest.xml:46:9-50:52
117            android:name="com.test.ad.demo.NativeMainActivity"
117-->src/main/AndroidManifest.xml:47:13-63
118            android:configChanges="keyboardHidden|orientation|keyboard|smallestScreenSize|screenSize|screenLayout"
118-->src/main/AndroidManifest.xml:48:13-115
119            android:exported="false"
119-->src/main/AndroidManifest.xml:49:13-37
120            android:screenOrientation="portrait" />
120-->src/main/AndroidManifest.xml:50:13-49
121        <activity
121-->src/main/AndroidManifest.xml:51:9-54:38
122            android:name="com.test.ad.demo.NativeAdActivity"
122-->src/main/AndroidManifest.xml:52:13-61
123            android:exported="false"
123-->src/main/AndroidManifest.xml:53:13-37
124            android:label="Native" />
124-->src/main/AndroidManifest.xml:54:13-35
125        <activity
125-->src/main/AndroidManifest.xml:55:9-58:45
126            android:name="com.test.ad.demo.RewardVideoAdActivity"
126-->src/main/AndroidManifest.xml:56:13-66
127            android:exported="false"
127-->src/main/AndroidManifest.xml:57:13-37
128            android:label="RewardedVideo" />
128-->src/main/AndroidManifest.xml:58:13-42
129        <activity
129-->src/main/AndroidManifest.xml:59:9-62:44
130            android:name="com.test.ad.demo.InterstitialAdActivity"
130-->src/main/AndroidManifest.xml:60:13-67
131            android:exported="false"
131-->src/main/AndroidManifest.xml:61:13-37
132            android:label="Interstitial" />
132-->src/main/AndroidManifest.xml:62:13-41
133        <activity
133-->src/main/AndroidManifest.xml:63:9-66:38
134            android:name="com.test.ad.demo.BannerAdActivity"
134-->src/main/AndroidManifest.xml:64:13-61
135            android:exported="false"
135-->src/main/AndroidManifest.xml:65:13-37
136            android:label="Banner" />
136-->src/main/AndroidManifest.xml:66:13-35
137        <activity
137-->src/main/AndroidManifest.xml:67:9-69:40
138            android:name="com.test.ad.demo.SplashAdActivity"
138-->src/main/AndroidManifest.xml:68:13-61
139            android:exported="false" />
139-->src/main/AndroidManifest.xml:69:13-37
140        <activity
140-->src/main/AndroidManifest.xml:70:9-74:80
141            android:name="com.test.ad.demo.SplashAdShowActivity"
141-->src/main/AndroidManifest.xml:71:13-65
142            android:configChanges="orientation|screenSize"
142-->src/main/AndroidManifest.xml:72:13-59
143            android:exported="false"
143-->src/main/AndroidManifest.xml:73:13-37
144            android:theme="@android:style/Theme.Holo.NoActionBar.Fullscreen" />
144-->src/main/AndroidManifest.xml:74:13-77
145        <activity
145-->src/main/AndroidManifest.xml:75:9-80:80
146            android:name="com.test.ad.demo.SplashAdShowInCurrentActivity"
146-->src/main/AndroidManifest.xml:76:13-74
147            android:configChanges="keyboardHidden|orientation|keyboard|smallestScreenSize|screenSize|screenLayout"
147-->src/main/AndroidManifest.xml:77:13-115
148            android:exported="false"
148-->src/main/AndroidManifest.xml:78:13-37
149            android:screenOrientation="portrait"
149-->src/main/AndroidManifest.xml:79:13-49
150            android:theme="@android:style/Theme.Holo.NoActionBar.Fullscreen" />
150-->src/main/AndroidManifest.xml:80:13-77
151        <activity
151-->src/main/AndroidManifest.xml:81:9-86:69
152            android:name="com.test.ad.demo.NativeListActivity"
152-->src/main/AndroidManifest.xml:82:13-63
153            android:configChanges="keyboardHidden|orientation|keyboard|smallestScreenSize|screenSize|screenLayout"
153-->src/main/AndroidManifest.xml:83:13-115
154            android:exported="false"
154-->src/main/AndroidManifest.xml:84:13-37
155            android:screenOrientation="portrait"
155-->src/main/AndroidManifest.xml:85:13-49
156            android:theme="@android:style/Theme.Holo.NoActionBar" />
156-->src/main/AndroidManifest.xml:86:13-66
157        <activity
157-->src/main/AndroidManifest.xml:87:9-92:80
158            android:name="com.test.ad.demo.TestMainActivity"
158-->src/main/AndroidManifest.xml:88:13-61
159            android:configChanges="keyboardHidden|orientation|keyboard|smallestScreenSize|screenSize|screenLayout"
159-->src/main/AndroidManifest.xml:89:13-115
160            android:exported="false"
160-->src/main/AndroidManifest.xml:90:13-37
161            android:screenOrientation="portrait"
161-->src/main/AndroidManifest.xml:91:13-49
162            android:theme="@android:style/Theme.Holo.NoActionBar.Fullscreen" />
162-->src/main/AndroidManifest.xml:92:13-77
163
164        <!-- source file: nonchina/network_sdk/admob/22.4.0/AndroidManifest.xml -->
165        <!-- google -->
166        <meta-data
166-->src/main/AndroidManifest.xml:96:9-98:36
167            android:name="com.google.android.gms.ads.AD_MANAGER_APP"
167-->src/main/AndroidManifest.xml:97:13-69
168            android:value="true" />
168-->src/main/AndroidManifest.xml:98:13-33
169        <meta-data
169-->[ads-template-13.4.62.302.aar] AndroidManifest.xml:13:9-15:56
170            android:name="com.huawei.hms.client.service.name:ads-template"
170-->[ads-template-13.4.62.302.aar] AndroidManifest.xml:14:13-75
171            android:value="ads-template:13.4.62.302" />
171-->[ads-template-13.4.62.302.aar] AndroidManifest.xml:15:13-53
172        <meta-data
172-->[ads-native-13.4.62.302.aar] AndroidManifest.xml:13:9-15:54
173            android:name="com.huawei.hms.client.service.name:ads-native"
173-->[ads-native-13.4.62.302.aar] AndroidManifest.xml:14:13-73
174            android:value="ads-native:13.4.62.302" />
174-->[ads-native-13.4.62.302.aar] AndroidManifest.xml:15:13-51
175
176        <activity
176-->[ads-native-13.4.62.302.aar] AndroidManifest.xml:17:9-29:20
177            android:name="com.huawei.openalliance.ad.activity.FeedbackActivity"
177-->[ads-native-13.4.62.302.aar] AndroidManifest.xml:18:13-80
178            android:configChanges="keyboardHidden|orientation|screenSize|screenLayout|smallestScreenSize|uiMode"
178-->[ads-native-13.4.62.302.aar] AndroidManifest.xml:19:13-113
179            android:excludeFromRecents="true"
179-->[ads-native-13.4.62.302.aar] AndroidManifest.xml:20:13-46
180            android:exported="false"
180-->[ads-native-13.4.62.302.aar] AndroidManifest.xml:21:13-37
181            android:theme="@android:style/Theme.Translucent.NoTitleBar" >
181-->[ads-native-13.4.62.302.aar] AndroidManifest.xml:22:13-72
182            <meta-data
182-->[ads-native-13.4.62.302.aar] AndroidManifest.xml:23:13-25:88
183                android:name="hwc-theme"
183-->[ads-native-13.4.62.302.aar] AndroidManifest.xml:24:17-41
184                android:value="androidhwext:style/Theme.Emui.Translucent.NoTitleBar" />
184-->[ads-native-13.4.62.302.aar] AndroidManifest.xml:25:17-85
185            <meta-data
185-->[ads-native-13.4.62.302.aar] AndroidManifest.xml:26:13-28:89
186                android:name="hnc-theme"
186-->[ads-native-13.4.62.302.aar] AndroidManifest.xml:27:17-41
187                android:value="androidhnext:style/Theme.Magic.Translucent.NoTitleBar" />
187-->[ads-native-13.4.62.302.aar] AndroidManifest.xml:28:17-86
188        </activity>
189
190        <meta-data
190-->[ads-lang-13.4.62.302.aar] AndroidManifest.xml:13:9-15:52
191            android:name="com.huawei.hms.client.service.name:ads-lang"
191-->[ads-lang-13.4.62.302.aar] AndroidManifest.xml:14:13-71
192            android:value="ads-lang:13.4.62.302" />
192-->[ads-lang-13.4.62.302.aar] AndroidManifest.xml:15:13-49
193        <meta-data
193-->[ads-reward-13.4.62.302.aar] AndroidManifest.xml:13:9-15:54
194            android:name="com.huawei.hms.client.service.name:ads-reward"
194-->[ads-reward-13.4.62.302.aar] AndroidManifest.xml:14:13-73
195            android:value="ads-reward:13.4.62.302" />
195-->[ads-reward-13.4.62.302.aar] AndroidManifest.xml:15:13-51
196
197        <provider
197-->[picasso-2.8.aar] AndroidManifest.xml:8:9-11:40
198            android:name="com.squareup.picasso.PicassoProvider"
198-->[picasso-2.8.aar] AndroidManifest.xml:9:13-64
199            android:authorities="com.anythink.sdk.demo.com.squareup.picasso"
199-->[picasso-2.8.aar] AndroidManifest.xml:10:13-72
200            android:exported="false" />
200-->[picasso-2.8.aar] AndroidManifest.xml:11:13-37
201
202        <activity
202-->[inmobi-ads-kotlin-10.5.7.aar] AndroidManifest.xml:41:9-46:46
203            android:name="com.inmobi.ads.rendering.InMobiAdActivity"
203-->[inmobi-ads-kotlin-10.5.7.aar] AndroidManifest.xml:42:13-69
204            android:configChanges="keyboardHidden|orientation|keyboard|smallestScreenSize|screenSize|screenLayout|locale|fontScale|uiMode"
204-->[inmobi-ads-kotlin-10.5.7.aar] AndroidManifest.xml:43:13-139
205            android:hardwareAccelerated="true"
205-->[inmobi-ads-kotlin-10.5.7.aar] AndroidManifest.xml:44:13-47
206            android:theme="@android:style/Theme.NoTitleBar" /> <!-- Yandex Mobile Metrica Analytics: common service -->
206-->[inmobi-ads-kotlin-10.5.7.aar] AndroidManifest.xml:45:13-60
207        <service
207-->[mobmetricalib-5.0.0.aar] AndroidManifest.xml:28:9-44:19
208            android:name="com.yandex.metrica.MetricaService"
208-->[mobmetricalib-5.0.0.aar] AndroidManifest.xml:29:13-61
209            android:enabled="true"
209-->[mobmetricalib-5.0.0.aar] AndroidManifest.xml:30:13-35
210            android:exported="false"
210-->[mobmetricalib-5.0.0.aar] AndroidManifest.xml:31:13-37
211            android:process=":Metrica" >
211-->[mobmetricalib-5.0.0.aar] AndroidManifest.xml:32:13-39
212            <intent-filter>
212-->[mobmetricalib-5.0.0.aar] AndroidManifest.xml:33:13-39:29
213                <category android:name="android.intent.category.DEFAULT" />
213-->[mobmetricalib-5.0.0.aar] AndroidManifest.xml:34:17-76
213-->[mobmetricalib-5.0.0.aar] AndroidManifest.xml:34:27-73
214
215                <action android:name="com.yandex.metrica.IMetricaService" />
215-->[mobmetricalib-5.0.0.aar] AndroidManifest.xml:36:17-77
215-->[mobmetricalib-5.0.0.aar] AndroidManifest.xml:36:25-74
216
217                <data android:scheme="metrica" />
217-->[inmobi-ads-kotlin-10.5.7.aar] AndroidManifest.xml:24:13-44
217-->[inmobi-ads-kotlin-10.5.7.aar] AndroidManifest.xml:24:19-41
218            </intent-filter>
219
220            <meta-data
220-->[mobmetricalib-5.0.0.aar] AndroidManifest.xml:41:13-43:39
221                android:name="metrica:api:level"
221-->[mobmetricalib-5.0.0.aar] AndroidManifest.xml:42:17-49
222                android:value="105" />
222-->[mobmetricalib-5.0.0.aar] AndroidManifest.xml:43:17-36
223        </service>
224        <service
224-->[mobmetricalib-5.0.0.aar] AndroidManifest.xml:45:9-59:19
225            android:name="com.yandex.metrica.ConfigurationService"
225-->[mobmetricalib-5.0.0.aar] AndroidManifest.xml:46:13-67
226            android:enabled="true"
226-->[mobmetricalib-5.0.0.aar] AndroidManifest.xml:47:13-35
227            android:exported="false"
227-->[mobmetricalib-5.0.0.aar] AndroidManifest.xml:48:13-37
228            android:process=":Metrica" >
228-->[mobmetricalib-5.0.0.aar] AndroidManifest.xml:49:13-39
229            <meta-data
229-->[mobmetricalib-5.0.0.aar] AndroidManifest.xml:50:13-52:37
230                android:name="metrica:configuration:api:level"
230-->[mobmetricalib-5.0.0.aar] AndroidManifest.xml:51:17-63
231                android:value="3" />
231-->[mobmetricalib-5.0.0.aar] AndroidManifest.xml:52:17-34
232
233            <intent-filter>
233-->[mobmetricalib-5.0.0.aar] AndroidManifest.xml:54:13-58:29
234
235                <!-- <action android:name="com.yandex.metrica.configuration.ACTION_START"/> -->
236                <action android:name="com.yandex.metrica.configuration.ACTION_INIT" />
236-->[mobmetricalib-5.0.0.aar] AndroidManifest.xml:57:17-87
236-->[mobmetricalib-5.0.0.aar] AndroidManifest.xml:57:25-84
237            </intent-filter>
238        </service>
239        <service
239-->[mobmetricalib-5.0.0.aar] AndroidManifest.xml:60:9-66:19
240            android:name="com.yandex.metrica.ConfigurationJobService"
240-->[mobmetricalib-5.0.0.aar] AndroidManifest.xml:61:13-70
241            android:enabled="true"
241-->[mobmetricalib-5.0.0.aar] AndroidManifest.xml:62:13-35
242            android:exported="false"
242-->[mobmetricalib-5.0.0.aar] AndroidManifest.xml:63:13-37
243            android:permission="android.permission.BIND_JOB_SERVICE"
243-->[mobmetricalib-5.0.0.aar] AndroidManifest.xml:64:13-69
244            android:process=":Metrica" >
244-->[mobmetricalib-5.0.0.aar] AndroidManifest.xml:65:13-39
245        </service> <!-- To track preinstallations -->
246        <provider
246-->[mobmetricalib-5.0.0.aar] AndroidManifest.xml:69:9-75:54
247            android:name="com.yandex.metrica.PreloadInfoContentProvider"
247-->[mobmetricalib-5.0.0.aar] AndroidManifest.xml:70:13-73
248            android:authorities="com.anythink.sdk.demo.appmetrica.preloadinfo.retail"
248-->[mobmetricalib-5.0.0.aar] AndroidManifest.xml:71:13-81
249            android:enabled="true"
249-->[mobmetricalib-5.0.0.aar] AndroidManifest.xml:72:13-35
250            android:exported="true"
250-->[mobmetricalib-5.0.0.aar] AndroidManifest.xml:73:13-36
251            android:process=":Metrica" />
251-->[mobmetricalib-5.0.0.aar] AndroidManifest.xml:74:13-39
252
253        <activity
253-->[vungle-7.0.0.aar] AndroidManifest.xml:15:9-19:46
254            android:name="com.vungle.ads.internal.ui.VungleActivity"
254-->[vungle-7.0.0.aar] AndroidManifest.xml:16:13-69
255            android:configChanges="keyboardHidden|orientation|screenSize|screenLayout|smallestScreenSize|uiMode"
255-->[vungle-7.0.0.aar] AndroidManifest.xml:17:13-113
256            android:hardwareAccelerated="true"
256-->[vungle-7.0.0.aar] AndroidManifest.xml:18:13-47
257            android:launchMode="singleTop" />
257-->[vungle-7.0.0.aar] AndroidManifest.xml:19:13-43
258
259        <provider
259-->[vungle-7.0.0.aar] AndroidManifest.xml:21:9-24:40
260            android:name="com.vungle.ads.internal.util.VungleProvider"
260-->[vungle-7.0.0.aar] AndroidManifest.xml:22:13-71
261            android:authorities="com.anythink.sdk.demo.vungle-provider"
261-->[vungle-7.0.0.aar] AndroidManifest.xml:23:13-67
262            android:exported="false" />
262-->[vungle-7.0.0.aar] AndroidManifest.xml:24:13-37
263
264        <activity
264-->[unity-ads-4.8.0.aar] AndroidManifest.xml:13:9-18:74
265            android:name="com.unity3d.services.ads.adunit.AdUnitActivity"
265-->[unity-ads-4.8.0.aar] AndroidManifest.xml:14:13-74
266            android:configChanges="fontScale|keyboard|keyboardHidden|locale|mnc|mcc|navigation|orientation|screenLayout|screenSize|smallestScreenSize|uiMode|touchscreen"
266-->[unity-ads-4.8.0.aar] AndroidManifest.xml:15:13-170
267            android:exported="false"
267-->[unity-ads-4.8.0.aar] AndroidManifest.xml:16:13-37
268            android:hardwareAccelerated="true"
268-->[unity-ads-4.8.0.aar] AndroidManifest.xml:17:13-47
269            android:theme="@android:style/Theme.NoTitleBar.Fullscreen" />
269-->[unity-ads-4.8.0.aar] AndroidManifest.xml:18:13-71
270        <activity
270-->[unity-ads-4.8.0.aar] AndroidManifest.xml:19:9-24:86
271            android:name="com.unity3d.services.ads.adunit.AdUnitTransparentActivity"
271-->[unity-ads-4.8.0.aar] AndroidManifest.xml:20:13-85
272            android:configChanges="fontScale|keyboard|keyboardHidden|locale|mnc|mcc|navigation|orientation|screenLayout|screenSize|smallestScreenSize|uiMode|touchscreen"
272-->[unity-ads-4.8.0.aar] AndroidManifest.xml:21:13-170
273            android:exported="false"
273-->[unity-ads-4.8.0.aar] AndroidManifest.xml:22:13-37
274            android:hardwareAccelerated="true"
274-->[unity-ads-4.8.0.aar] AndroidManifest.xml:23:13-47
275            android:theme="@android:style/Theme.Translucent.NoTitleBar.Fullscreen" />
275-->[unity-ads-4.8.0.aar] AndroidManifest.xml:24:13-83
276        <activity
276-->[unity-ads-4.8.0.aar] AndroidManifest.xml:25:9-30:86
277            android:name="com.unity3d.services.ads.adunit.AdUnitTransparentSoftwareActivity"
277-->[unity-ads-4.8.0.aar] AndroidManifest.xml:26:13-93
278            android:configChanges="fontScale|keyboard|keyboardHidden|locale|mnc|mcc|navigation|orientation|screenLayout|screenSize|smallestScreenSize|uiMode|touchscreen"
278-->[unity-ads-4.8.0.aar] AndroidManifest.xml:27:13-170
279            android:exported="false"
279-->[unity-ads-4.8.0.aar] AndroidManifest.xml:28:13-37
280            android:hardwareAccelerated="false"
280-->[unity-ads-4.8.0.aar] AndroidManifest.xml:29:13-48
281            android:theme="@android:style/Theme.Translucent.NoTitleBar.Fullscreen" />
281-->[unity-ads-4.8.0.aar] AndroidManifest.xml:30:13-83
282        <activity
282-->[unity-ads-4.8.0.aar] AndroidManifest.xml:31:9-36:74
283            android:name="com.unity3d.services.ads.adunit.AdUnitSoftwareActivity"
283-->[unity-ads-4.8.0.aar] AndroidManifest.xml:32:13-82
284            android:configChanges="fontScale|keyboard|keyboardHidden|locale|mnc|mcc|navigation|orientation|screenLayout|screenSize|smallestScreenSize|uiMode|touchscreen"
284-->[unity-ads-4.8.0.aar] AndroidManifest.xml:33:13-170
285            android:exported="false"
285-->[unity-ads-4.8.0.aar] AndroidManifest.xml:34:13-37
286            android:hardwareAccelerated="false"
286-->[unity-ads-4.8.0.aar] AndroidManifest.xml:35:13-48
287            android:theme="@android:style/Theme.NoTitleBar.Fullscreen" />
287-->[unity-ads-4.8.0.aar] AndroidManifest.xml:36:13-71
288
289        <provider
289-->[unity-ads-4.8.0.aar] AndroidManifest.xml:38:9-52:20
290            android:name="androidx.startup.InitializationProvider"
290-->[unity-ads-4.8.0.aar] AndroidManifest.xml:39:13-67
291            android:authorities="com.anythink.sdk.demo.androidx-startup"
291-->[unity-ads-4.8.0.aar] AndroidManifest.xml:40:13-68
292            android:exported="false" >
292-->[unity-services-identifiers-1.0.0.aar] AndroidManifest.xml:14:13-37
293            <meta-data
293-->[unity-ads-4.8.0.aar] AndroidManifest.xml:42:13-44:52
294                android:name="androidx.lifecycle.ProcessLifecycleInitializer"
294-->[unity-ads-4.8.0.aar] AndroidManifest.xml:43:17-78
295                android:value="androidx.startup" />
295-->[unity-ads-4.8.0.aar] AndroidManifest.xml:44:17-49